# JRE version: OpenJDK Runtime Environment (8.0_202-b03) (build 1.8.0_202-release-1483-b03)
# Java VM: OpenJDK 64-Bit Server VM (25.202-b03 mixed mode windows-amd64 compressed oops)
Heap:
 PSYoungGen      total 256000K, used 128218K [0x00000000e0000000, 0x00000000f1d00000, 0x0000000100000000)
  eden space 224768K, 43% used [0x00000000e0000000,0x00000000e5ebb598,0x00000000edb80000)
  from space 31232K, 99% used [0x00000000edb80000,0x00000000ef9fb3f8,0x00000000efa00000)
  to   space 27136K, 0% used [0x00000000efa00000,0x00000000efa00000,0x00000000f1480000)
 ParOldGen       total 276992K, used 80411K [0x00000000a0000000, 0x00000000b0e80000, 0x00000000e0000000)
  object space 276992K, 29% used [0x00000000a0000000,0x00000000a4e86c78,0x00000000b0e80000)
 Metaspace       used 85410K, capacity 89496K, committed 89748K, reserved 1126400K
  class space    used 11427K, capacity 12189K, committed 12220K, reserved 1048576K
GC Heap History (10 events):
Event: 11.610 GC heap before
{Heap before GC invocations=12 (full 3):
 PSYoungGen      total 178176K, used 15941K [0x00000000e0000000, 0x00000000ef000000, 0x0000000100000000)
  eden space 157184K, 0% used [0x00000000e0000000,0x00000000e0000000,0x00000000e9980000)
  from space 20992K, 75% used [0x00000000e9980000,0x00000000ea911718,0x00000000eae00000)
  to   space 21504K, 0% used [0x00000000edb00000,0x00000000edb00000,0x00000000ef000000)
 ParOldGen       total 197632K, used 25003K [0x00000000a0000000, 0x00000000ac100000, 0x00000000e0000000)
  object space 197632K, 12% used [0x00000000a0000000,0x00000000a186ac88,0x00000000ac100000)
 Metaspace       used 57452K, capacity 58976K, committed 59028K, reserved 1099776K
  class space    used 7726K, capacity 8115K, committed 8124K, reserved 1048576K
Event: 11.850 GC heap after
Heap after GC invocations=12 (full 3):
 PSYoungGen      total 178176K, used 0K [0x00000000e0000000, 0x00000000ef000000, 0x0000000100000000)
  eden space 157184K, 0% used [0x00000000e0000000,0x00000000e0000000,0x00000000e9980000)
  from space 20992K, 0% used [0x00000000e9980000,0x00000000e9980000,0x00000000eae00000)
  to   space 21504K, 0% used [0x00000000edb00000,0x00000000edb00000,0x00000000ef000000)
 ParOldGen       total 276992K, used 32188K [0x00000000a0000000, 0x00000000b0e80000, 0x00000000e0000000)
  object space 276992K, 11% used [0x00000000a0000000,0x00000000a1f6f130,0x00000000b0e80000)
 Metaspace       used 57452K, capacity 58976K, committed 59028K, reserved 1099776K
  class space    used 7726K, capacity 8115K, committed 8124K, reserved 1048576K
}
Event: 127.043 GC heap before
{Heap before GC invocations=13 (full 3):
 PSYoungGen      total 178176K, used 157184K [0x00000000e0000000, 0x00000000ef000000, 0x0000000100000000)
  eden space 157184K, 100% used [0x00000000e0000000,0x00000000e9980000,0x00000000e9980000)
  from space 20992K, 0% used [0x00000000e9980000,0x00000000e9980000,0x00000000eae00000)
  to   space 21504K, 0% used [0x00000000edb00000,0x00000000edb00000,0x00000000ef000000)
 ParOldGen       total 276992K, used 32188K [0x00000000a0000000, 0x00000000b0e80000, 0x00000000e0000000)
  object space 276992K, 11% used [0x00000000a0000000,0x00000000a1f6f130,0x00000000b0e80000)
 Metaspace       used 64230K, capacity 66484K, committed 66580K, reserved 1107968K
  class space    used 8447K, capacity 8933K, committed 9020K, reserved 1048576K
Event: 127.074 GC heap after
Heap after GC invocations=13 (full 3):
 PSYoungGen      total 204288K, used 14114K [0x00000000e0000000, 0x00000000ee900000, 0x0000000100000000)
  eden space 189952K, 0% used [0x00000000e0000000,0x00000000e0000000,0x00000000eb980000)
  from space 14336K, 98% used [0x00000000edb00000,0x00000000ee8c8af0,0x00000000ee900000)
  to   space 21504K, 0% used [0x00000000ebf00000,0x00000000ebf00000,0x00000000ed400000)
 ParOldGen       total 276992K, used 32196K [0x00000000a0000000, 0x00000000b0e80000, 0x00000000e0000000)
  object space 276992K, 11% used [0x00000000a0000000,0x00000000a1f71130,0x00000000b0e80000)
 Metaspace       used 64230K, capacity 66484K, committed 66580K, reserved 1107968K
  class space    used 8447K, capacity 8933K, committed 9020K, reserved 1048576K
}
Event: 130.125 GC heap before
{Heap before GC invocations=14 (full 3):
 PSYoungGen      total 204288K, used 204066K [0x00000000e0000000, 0x00000000ee900000, 0x0000000100000000)
  eden space 189952K, 100% used [0x00000000e0000000,0x00000000eb980000,0x00000000eb980000)
  from space 14336K, 98% used [0x00000000edb00000,0x00000000ee8c8af0,0x00000000ee900000)
  to   space 21504K, 0% used [0x00000000ebf00000,0x00000000ebf00000,0x00000000ed400000)
 ParOldGen       total 276992K, used 32196K [0x00000000a0000000, 0x00000000b0e80000, 0x00000000e0000000)
  object space 276992K, 11% used [0x00000000a0000000,0x00000000a1f71130,0x00000000b0e80000)
 Metaspace       used 67744K, capacity 70098K, committed 70292K, reserved 1110016K
  class space    used 8833K, capacity 9336K, committed 9404K, reserved 1048576K
Event: 130.176 GC heap after
Heap after GC invocations=14 (full 3):
 PSYoungGen      total 217088K, used 21477K [0x00000000e0000000, 0x00000000f1480000, 0x0000000100000000)
  eden space 195584K, 0% used [0x00000000e0000000,0x00000000e0000000,0x00000000ebf00000)
  from space 21504K, 99% used [0x00000000ebf00000,0x00000000ed3f9530,0x00000000ed400000)
  to   space 27136K, 0% used [0x00000000efa00000,0x00000000efa00000,0x00000000f1480000)
 ParOldGen       total 276992K, used 41529K [0x00000000a0000000, 0x00000000b0e80000, 0x00000000e0000000)
  object space 276992K, 14% used [0x00000000a0000000,0x00000000a288e5b8,0x00000000b0e80000)
 Metaspace       used 67744K, capacity 70098K, committed 70292K, reserved 1110016K
  class space    used 8833K, capacity 9336K, committed 9404K, reserved 1048576K
}
Event: 149.823 GC heap before
{Heap before GC invocations=15 (full 3):
 PSYoungGen      total 217088K, used 217061K [0x00000000e0000000, 0x00000000f1480000, 0x0000000100000000)
  eden space 195584K, 100% used [0x00000000e0000000,0x00000000ebf00000,0x00000000ebf00000)
  from space 21504K, 99% used [0x00000000ebf00000,0x00000000ed3f9530,0x00000000ed400000)
  to   space 27136K, 0% used [0x00000000efa00000,0x00000000efa00000,0x00000000f1480000)
 ParOldGen       total 276992K, used 41529K [0x00000000a0000000, 0x00000000b0e80000, 0x00000000e0000000)
  object space 276992K, 14% used [0x00000000a0000000,0x00000000a288e5b8,0x00000000b0e80000)
 Metaspace       used 72712K, capacity 75402K, committed 75668K, reserved 1114112K
  class space    used 9524K, capacity 10080K, committed 10172K, reserved 1048576K
Event: 149.861 GC heap after
Heap after GC invocations=15 (full 3):
 PSYoungGen      total 251904K, used 27118K [0x00000000e0000000, 0x00000000f1d00000, 0x0000000100000000)
  eden space 224768K, 0% used [0x00000000e0000000,0x00000000e0000000,0x00000000edb80000)
  from space 27136K, 99% used [0x00000000efa00000,0x00000000f147ba88,0x00000000f1480000)
  to   space 31232K, 0% used [0x00000000edb80000,0x00000000edb80000,0x00000000efa00000)
 ParOldGen       total 276992K, used 43684K [0x00000000a0000000, 0x00000000b0e80000, 0x00000000e0000000)
  object space 276992K, 15% used [0x00000000a0000000,0x00000000a2aa90d8,0x00000000b0e80000)
 Metaspace       used 72712K, capacity 75402K, committed 75668K, reserved 1114112K
  class space    used 9524K, capacity 10080K, committed 10172K, reserved 1048576K
}
Event: 151.961 GC heap before
{Heap before GC invocations=16 (full 3):
 PSYoungGen      total 251904K, used 249965K [0x00000000e0000000, 0x00000000f1d00000, 0x0000000100000000)
  eden space 224768K, 99% used [0x00000000e0000000,0x00000000ed99f9c8,0x00000000edb80000)
  from space 27136K, 99% used [0x00000000efa00000,0x00000000f147ba88,0x00000000f1480000)
  to   space 31232K, 0% used [0x00000000edb80000,0x00000000edb80000,0x00000000efa00000)
 ParOldGen       total 276992K, used 43684K [0x00000000a0000000, 0x00000000b0e80000, 0x00000000e0000000)
  object space 276992K, 15% used [0x00000000a0000000,0x00000000a2aa90d8,0x00000000b0e80000)
 Metaspace       used 84531K, capacity 88436K, committed 88596K, reserved 1126400K
  class space    used 11249K, capacity 11989K, committed 12092K, reserved 1048576K
Event: 152.050 GC heap after
Heap after GC invocations=16 (full 3):
 PSYoungGen      total 256000K, used 31212K [0x00000000e0000000, 0x00000000f1d00000, 0x0000000100000000)
  eden space 224768K, 0% used [0x00000000e0000000,0x00000000e0000000,0x00000000edb80000)
  from space 31232K, 99% used [0x00000000edb80000,0x00000000ef9fb3f8,0x00000000efa00000)
  to   space 27136K, 0% used [0x00000000efa00000,0x00000000efa00000,0x00000000f1480000)
 ParOldGen       total 276992K, used 80411K [0x00000000a0000000, 0x00000000b0e80000, 0x00000000e0000000)
  object space 276992K, 29% used [0x00000000a0000000,0x00000000a4e86c78,0x00000000b0e80000)
 Metaspace       used 84531K, capacity 88436K, committed 88596K, reserved 1126400K
  class space    used 11249K, capacity 11989K, committed 12092K, reserved 1048576K
}

